[addictionbets.com/index.html]
[backblue.gif]
[fade.gif]
[index.html]
[static.tildacdn.com/tild3136-3365-4562-b233-653937353437/_.png]
[neo.tildacdn.com/js/tilda-fallback-1.0.min.js]
[static.tildacdn.com/css/tilda-grid-3.0.min.css]
[addictionbets.com/tilda-blocks-page38953192.min967a.css]
[static.tildacdn.com/css/tilda-animation-2.0.min.css]
[static.tildacdn.com/js/tilda-polyfill-1.0.min.js]
[static.tildacdn.com/js/jquery-1.10.2.min.js]
[static.tildacdn.com/js/tilda-scripts-3.0.min.js]
[addictionbets.com/tilda-blocks-page38953192.min967a.js]
[static.tildacdn.com/js/tilda-animation-2.0.min.js]
[static.tildacdn.com/js/tilda-zero-1.1.min.js]
[static.tildacdn.com/js/tilda-animation-sbs-1.0.min.js]
[static.tildacdn.com/js/tilda-zero-scale-1.0.min.js]
[static.tildacdn.com/js/tilda-events-1.0.min.js]
[static.tildacdn.com/tild6333-3335-4433-b634-643263303035/___2_2.png]
[static.tildacdn.com/tild3332-3862-4863-b432-653632373862/___1_1_1.png]
[static.tildacdn.com/tild6435-6536-4365-a237-376366616662/-1_5.png]
[static.tildacdn.com/tild3939-3837-4030-a132-363331306139/-1_6.png]
[static.tildacdn.com/tild3934-3963-4934-a137-383234346363/-1_7.png]
[static.tildacdn.com/tild3064-6139-4361-a236-346166393231/-1_8.png]
[static.tildacdn.com/tild3964-6534-4465-b834-356538663538/-1_9.png]
[static.tildacdn.com/tild6533-3365-4432-b739-323331613838/-1_10.png]
[static.tildacdn.com/tild3063-6230-4133-b435-366462303364/-1_13.png]
[static.tildacdn.com/tild6638-3339-4534-b562-343938383139/-1_14.png]
[static.tildacdn.com/tild3462-3637-4536-a565-323161633237/-1_15.png]
[static.tildacdn.com/tild3564-3462-4231-a431-636632393963/-1_16.png]
[static.tildacdn.com/tild6430-3939-4231-a436-633639386266/free-icon-twitter-73.png]
[static.tildacdn.com/tild3838-3034-4132-a239-373730363463/free-icon-telegram-2.png]
[static.tildacdn.com/tild3032-6434-4662-b138-383134613930/dice_1.png]
[static.tildacdn.com/tild6131-3038-4433-a566-383365326538/7111340.png]
[static.tildacdn.com/tild6639-6434-4362-b635-623864373266/-1.png]
[static.tildacdn.com/tild3231-3233-4863-a461-393336626539/-1_1.png]
[static.tildacdn.com/tild6163-3337-4839-b233-643335356366/-1_2.png]
[static.tildacdn.com/tild3531-3166-4135-b031-623765633363/-1_4.png]
[static.tildacdn.com/tild3362-6562-4334-b661-353436313762/-1_11.png]
[static.tildacdn.com/tild6261-3961-4362-b939-386337396361/-1_12.png]
[static.tildacdn.com/tild3164-3164-4232-b966-326430643562/-1_17.png]
[static.tildacdn.com/tild3330-6639-4236-b337-626434313430/-1_18.png]
[static.tildacdn.com/tild6535-3031-4335-a637-643330306337/-1_19.png]
[static.tildacdn.com/tild3034-3166-4362-b033-313339336333/-1_22.png]
[static.tildacdn.com/tild3738-6563-4363-a333-346130323761/-1_20.png]
[static.tildacdn.com/tild3731-3266-4633-a664-343231363562/-1_21.png]
[static.tildacdn.com/tild6664-6336-4933-b833-303435313636/-1.png]
[static.tildacdn.com/tild6662-6461-4332-a566-653538623562/-1.png]
[static.tildacdn.com/tild3063-3563-4565-b233-626131346161/-1.png]
[cdnjs.cloudflare.com/ajax/libs/OwlCarousel2/2.3.4/assets/owl.carousel.min.css]
[cdnjs.cloudflare.com/ajax/libs/OwlCarousel2/2.3.4/assets/owl.theme.default.min.css]
[cdnjs.cloudflare.com/ajax/libs/OwlCarousel2/2.3.4/owl.carousel.min.js]
[addictionbets.com/index.html]
[static.tildacdn.com/css/tilda-grid-3.0.min.css]
[addictionbets.com/tilda-blocks-page38953192.min967a.css]
[static.tildacdn.com/css/tilda-animation-2.0.min.css]
[addictionbets.com/OPR/index.html]
[static.tildacdn.com/js/tilda-stat-1.0.min.js]
[cdnjs.cloudflare.com/ajax/libs/OwlCarousel2/2.3.4/assets/owl.video.play.png]
[cdnjs.cloudflare.com/ajax/libs/OwlCarousel2/2.3.4/assets/owl.carousel.min.css]
[cdnjs.cloudflare.com/ajax/libs/OwlCarousel2/2.3.4/assets/owl.theme.default.min.css]
